<?xml version="1.0" encoding="UTF-8"?>
<testsuite xmlns:xsi="http://www.w3.org/2001/XMLSchema-instance" xsi:noNamespaceSchemaLocation="https://maven.apache.org/surefire/maven-surefire-plugin/xsd/surefire-test-report-3.0.xsd" version="3.0" name="com.backend.Ecommerce.EcommerceApplicationTests" time="19.251" tests="1" errors="0" skipped="0" failures="0">
  <properties>
[...]
</properties>
  <testcase name="contextLoads" classname="com.backend.Ecommerce.EcommerceApplicationTests" time="1.202">
    <system-out><![CDATA[22:33:55.417 [main] INFO org.springframework.test.context.support.AnnotationConfigContextLoaderUtils -- Could not detect default configuration classes for test class [com.backend.Ecommerce.EcommerceApplicationTests]: EcommerceApplicationTests does not declare any static, non-private, non-final, nested classes annotated with @Configuration.
22:33:55.693 [main] INFO org.springframework.boot.test.context.SpringBootTestContextBootstrapper -- Found @SpringBootConfiguration com.backend.Ecommerce.EcommerceApplication for test class com.backend.Ecommerce.EcommerceApplicationTests

  .   ____          _            __ _ _
 /\\ / ___'_ __ _ _(_)_ __  __ _ \ \ \ \
( ( )\___ | '_ | '_| | '_ \/ _` | \ \ \ \
 \\/  ___)| |_)| | | | | || (_| |  ) ) ) )
  '  |____| .__|_| |_|_| |_\__, | / / / /
 =========|_|==============|___/=/_/_/_/
 :: Spring Boot ::                (v3.1.3)

2023-09-28T22:33:56.653+05:30  WARN 4480 --- [           main] ory$DuplicateJsonObjectContextCustomizer : 

Found multiple occurrences of org.json.JSONObject on the class path:

	jar:file:/C:/Users/Sayan/.m2/repository/org/json/json/20230618/json-20230618.jar!/org/json/JSONObject.class
	jar:file:/C:/Users/Sayan/.m2/repository/com/vaadin/external/google/android-json/0.0.20131108.vaadin1/android-json-0.0.20131108.vaadin1.jar!/org/json/JSONObject.class

You may wish to exclude one of them to ensure predictable runtime behavior

2023-09-28T22:33:56.735+05:30  INFO 4480 --- [           main] c.b.Ecommerce.EcommerceApplicationTests  : Starting EcommerceApplicationTests using Java 17.0.8 with PID 4480 (started by Sayan in C:\Users\Sayan\Desktop\projects\Ecommerce\ecommerce-backend)
2023-09-28T22:33:56.738+05:30  INFO 4480 --- [           main] c.b.Ecommerce.EcommerceApplicationTests  : No active profile set, falling back to 1 default profile: "default"
2023-09-28T22:33:58.966+05:30  INFO 4480 --- [           main] .s.d.r.c.RepositoryConfigurationDelegate : Bootstrapping Spring Data JPA repositories in DEFAULT mode.
2023-09-28T22:33:59.173+05:30  INFO 4480 --- [           main] .s.d.r.c.RepositoryConfigurationDelegate : Finished Spring Data repository scanning in 182 ms. Found 9 JPA repository interfaces.
2023-09-28T22:34:00.482+05:30  INFO 4480 --- [           main] o.hibernate.jpa.internal.util.LogHelper  : HHH000204: Processing PersistenceUnitInfo [name: default]
2023-09-28T22:34:01.599+05:30  INFO 4480 --- [           main] org.hibernate.Version                    : HHH000412: Hibernate ORM core version 6.2.7.Final
2023-09-28T22:34:01.605+05:30  INFO 4480 --- [           main] org.hibernate.cfg.Environment            : HHH000406: Using bytecode reflection optimizer
2023-09-28T22:34:02.129+05:30  INFO 4480 --- [           main] o.h.b.i.BytecodeProviderInitiator        : HHH000021: Bytecode provider name : bytebuddy
2023-09-28T22:34:02.500+05:30  INFO 4480 --- [           main] o.s.o.j.p.SpringPersistenceUnitInfo      : No LoadTimeWeaver setup: ignoring JPA class transformer
2023-09-28T22:34:02.543+05:30  INFO 4480 --- [           main] com.zaxxer.hikari.HikariDataSource       : HikariPool-1 - Starting...
2023-09-28T22:34:03.537+05:30  INFO 4480 --- [           main] com.zaxxer.hikari.pool.HikariPool        : HikariPool-1 - Added connection com.mysql.cj.jdbc.ConnectionImpl@674184d
2023-09-28T22:34:03.543+05:30  INFO 4480 --- [           main] com.zaxxer.hikari.HikariDataSource       : HikariPool-1 - Start completed.
2023-09-28T22:34:03.722+05:30  WARN 4480 --- [           main] org.hibernate.orm.deprecation            : HHH90000026: MySQL8Dialect has been deprecated; use org.hibernate.dialect.MySQLDialect instead
2023-09-28T22:34:04.589+05:30  INFO 4480 --- [           main] o.h.b.i.BytecodeProviderInitiator        : HHH000021: Bytecode provider name : bytebuddy
2023-09-28T22:34:06.279+05:30  INFO 4480 --- [           main] o.h.e.t.j.p.i.JtaPlatformInitiator       : HHH000490: Using JtaPlatform implementation: [org.hibernate.engine.transaction.jta.platform.internal.NoJtaPlatform]
Hibernate: alter table cart modify column total_price  float(53)
Hibernate: alter table order_item modify column delivery_date  datetime(6)
Hibernate: alter table orders modify column created_at  datetime(6)
Hibernate: alter table orders modify column delivery_date  datetime(6)
Hibernate: alter table orders modify column order_status  enum ('CANCELLED','CONFIRMED','DELIVERED','OUTFORDELIVERY','PENDING','SHIPPED')
Hibernate: alter table orders modify column total_price  float(53) not null
Hibernate: alter table product modify column created_at  datetime(6)
Hibernate: alter table rating modify column created_at  datetime(6)
Hibernate: alter table rating modify column rating  float(53)
Hibernate: alter table users modify column created_at  datetime(6)
Hibernate: alter table users modify column role  enum ('ROLE_ADMIN','ROLE_USER')
2023-09-28T22:34:07.642+05:30  INFO 4480 --- [           main] j.LocalContainerEntityManagerFactoryBean : Initialized JPA EntityManagerFactory for persistence unit 'default'
2023-09-28T22:34:08.419+05:30  INFO 4480 --- [           main] o.s.d.j.r.query.QueryEnhancerFactory     : Hibernate is in classpath; If applicable, HQL parser will be used.
2023-09-28T22:34:10.412+05:30  WARN 4480 --- [           main] JpaBaseConfiguration$JpaWebConfiguration : spring.jpa.open-in-view is enabled by default. Therefore, database queries may be performed during view rendering. Explicitly configure spring.jpa.open-in-view to disable this warning
2023-09-28T22:34:10.776+05:30  INFO 4480 --- [           main] o.s.s.web.DefaultSecurityFilterChain     : Will secure any request with [org.springframework.security.web.session.DisableEncodeUrlFilter@3d8c55ff, org.springframework.security.web.context.request.async.WebAsyncManagerIntegrationFilter@33c2a762, org.springframework.security.web.context.SecurityContextHolderFilter@6a72d5fb, org.springframework.security.web.header.HeaderWriterFilter@38617f1c, org.springframework.web.filter.CorsFilter@62110754, org.springframework.security.web.authentication.logout.LogoutFilter@32eea4f7, org.springframework.security.web.authentication.UsernamePasswordAuthenticationFilter@9628240, org.springframework.security.web.authentication.ui.DefaultLoginPageGeneratingFilter@32730f12, org.springframework.security.web.authentication.ui.DefaultLogoutPageGeneratingFilter@4111c517, com.backend.Ecommerce.config.JwtTokenValidator@1eed4367, org.springframework.security.web.authentication.www.BasicAuthenticationFilter@55e85ec8, org.springframework.security.web.savedrequest.RequestCacheAwareFilter@23e883fb, org.springframework.security.web.servletapi.SecurityContextHolderAwareRequestFilter@74d56f47, org.springframework.security.web.authentication.AnonymousAuthenticationFilter@38321e6f, org.springframework.security.web.access.ExceptionTranslationFilter@3b00a7b9, org.springframework.security.web.access.intercept.AuthorizationFilter@22272bac]
2023-09-28T22:34:12.471+05:30  INFO 4480 --- [           main] c.b.Ecommerce.EcommerceApplicationTests  : Started EcommerceApplicationTests in 16.334 seconds (process running for 19.255)
]]></system-out>
  </testcase>
</testsuite>